<?xml version="1.0" encoding="UTF-8"?>
<!-- Generated by org.testng.reporters.JUnitXMLReporter -->
<testsuite ignored="0" hostname="DESKTOP-OBB8F9P" failures="0" tests="3" name="Default test" time="17.821" errors="0" timestamp="2023-01-21T11:30:47 IST">
  <testcase classname="sdetPvn4.xmlParse" name="testxmlResponseBody" time="16.597"/>
  <testcase classname="sdetPvn4.xmlParse" name="xmlparsetest1" time="0.796"/>
  <testcase classname="sdetPvn4.xmlParse" name="xmlparsetest2" time="0.364"/>
</testsuite> <!-- Default test -->
