<?xml version="1.0" encoding="UTF-8"?>
<testng-results ignored="0" total="3" passed="3" failed="0" skipped="0">
  <reporter-output>
  </reporter-output>
  <suite started-at="2023-01-21T11:30:29 IST" name="Default suite" finished-at="2023-01-21T11:30:47 IST" duration-ms="17821">
    <groups>
    </groups>
    <test started-at="2023-01-21T11:30:29 IST" name="Default test" finished-at="2023-01-21T11:30:47 IST" duration-ms="17821">
      <class name="sdetPvn4.xmlParse">
        <test-method signature="testxmlResponseBody()[pri:0, instance:sdetPvn4.xmlParse@40cb8df7]" started-at="2023-01-21T11:30:29 IST" name="testxmlResponseBody" finished-at="2023-01-21T11:30:46 IST" duration-ms="16597" status="PASS">
          <reporter-output>
          </reporter-output>
        </test-method> <!-- testxmlResponseBody -->
        <test-method signature="xmlparsetest1()[pri:0, instance:sdetPvn4.xmlParse@40cb8df7]" started-at="2023-01-21T11:30:46 IST" name="xmlparsetest1" finished-at="2023-01-21T11:30:47 IST" duration-ms="796" status="PASS">
          <reporter-output>
          </reporter-output>
        </test-method> <!-- xmlparsetest1 -->
        <test-method signature="xmlparsetest2()[pri:0, instance:sdetPvn4.xmlParse@40cb8df7]" started-at="2023-01-21T11:30:47 IST" name="xmlparsetest2" finished-at="2023-01-21T11:30:47 IST" duration-ms="364" status="PASS">
          <reporter-output>
          </reporter-output>
        </test-method> <!-- xmlparsetest2 -->
      </class> <!-- sdetPvn4.xmlParse -->
    </test> <!-- Default test -->
  </suite> <!-- Default suite -->
</testng-results>
